{"/Volumes/Data/practices/Code with Mosh/Redux/Source Code/redux-starter/src/math.js": {"path":"/Volumes/Data/practices/Code with Mosh/Redux/Source Code/redux-starter/src/math.js","statementMap":{"0":{"start":{"line":1,"column":22},"end":{"line":1,"column":50}},"1":{"start":{"line":1,"column":34},"end":{"line":1,"column":50}}},"fnMap":{"0":{"name":"(anonymous_0)","decl":{"start":{"line":1,"column":22},"end":{"line":1,"column":23}},"loc":{"start":{"line":1,"column":34},"end":{"line":1,"column":50}},"line":1}},"branchMap":{},"s":{"0":1,"1":2},"f":{"0":2},"b":{},"_coverageSchema":"1a1c01bbd47fc00a2c39e90264f33305004495a9","hash":"0ac662f5f64b905f41ec48e0b62a7ccc1ca7b6c7"}
,"/Volumes/Data/practices/Code with Mosh/Redux/Source Code/redux-starter/src/store/api.js": {"path":"/Volumes/Data/practices/Code with Mosh/Redux/Source Code/redux-starter/src/store/api.js","statementMap":{"0":{"start":{"line":3,"column":28},"end":{"line":3,"column":57}},"1":{"start":{"line":4,"column":30},"end":{"line":4,"column":61}},"2":{"start":{"line":5,"column":29},"end":{"line":5,"column":59}}},"fnMap":{},"branchMap":{},"s":{"0":1,"1":1,"2":1},"f":{},"b":{},"_coverageSchema":"1a1c01bbd47fc00a2c39e90264f33305004495a9","hash":"ef9522beb07fabe210798e7f2ac0b0f33ba06e54"}
,"/Volumes/Data/practices/Code with Mosh/Redux/Source Code/redux-starter/src/store/bugs.js": {"path":"/Volumes/Data/practices/Code with Mosh/Redux/Source Code/redux-starter/src/store/bugs.js","statementMap":{"0":{"start":{"line":7,"column":14},"end":{"line":47,"column":2}},"1":{"start":{"line":16,"column":6},"end":{"line":16,"column":26}},"2":{"start":{"line":20,"column":6},"end":{"line":20,"column":33}},"3":{"start":{"line":21,"column":6},"end":{"line":21,"column":27}},"4":{"start":{"line":22,"column":6},"end":{"line":22,"column":34}},"5":{"start":{"line":26,"column":6},"end":{"line":26,"column":27}},"6":{"start":{"line":30,"column":36},"end":{"line":30,"column":50}},"7":{"start":{"line":31,"column":20},"end":{"line":31,"column":66}},"8":{"start":{"line":31,"column":49},"end":{"line":31,"column":65}},"9":{"start":{"line":32,"column":6},"end":{"line":32,"column":39}},"10":{"start":{"line":38,"column":6},"end":{"line":38,"column":37}},"11":{"start":{"line":43,"column":20},"end":{"line":43,"column":78}},"12":{"start":{"line":43,"column":49},"end":{"line":43,"column":77}},"13":{"start":{"line":44,"column":6},"end":{"line":44,"column":39}},"14":{"start":{"line":58,"column":4},"end":{"line":58,"column":17}},"15":{"start":{"line":62,"column":12},"end":{"line":62,"column":19}},"16":{"start":{"line":65,"column":24},"end":{"line":84,"column":1}},"17":{"start":{"line":65,"column":30},"end":{"line":84,"column":1}},"18":{"start":{"line":66,"column":24},"end":{"line":66,"column":48}},"19":{"start":{"line":68,"column":24},"end":{"line":68,"column":67}},"20":{"start":{"line":69,"column":2},"end":{"line":74,"column":6}},"21":{"start":{"line":70,"column":4},"end":{"line":74,"column":6}},"22":{"start":{"line":76,"column":2},"end":{"line":83,"column":4}},"23":{"start":{"line":86,"column":22},"end":{"line":92,"column":4}},"24":{"start":{"line":87,"column":2},"end":{"line":92,"column":4}},"25":{"start":{"line":94,"column":26},"end":{"line":103,"column":4}},"26":{"start":{"line":95,"column":2},"end":{"line":103,"column":4}},"27":{"start":{"line":105,"column":31},"end":{"line":111,"column":4}},"28":{"start":{"line":106,"column":2},"end":{"line":111,"column":4}},"29":{"start":{"line":115,"column":33},"end":{"line":119,"column":1}},"30":{"start":{"line":116,"column":13},"end":{"line":116,"column":32}},"31":{"start":{"line":117,"column":13},"end":{"line":117,"column":36}},"32":{"start":{"line":118,"column":22},"end":{"line":118,"column":57}},"33":{"start":{"line":118,"column":43},"end":{"line":118,"column":56}},"34":{"start":{"line":121,"column":29},"end":{"line":125,"column":3}},"35":{"start":{"line":122,"column":2},"end":{"line":125,"column":3}},"36":{"start":{"line":123,"column":15},"end":{"line":123,"column":34}},"37":{"start":{"line":124,"column":14},"end":{"line":124,"column":57}},"38":{"start":{"line":124,"column":35},"end":{"line":124,"column":56}}},"fnMap":{"0":{"name":"(anonymous_0)","decl":{"start":{"line":15,"column":19},"end":{"line":15,"column":20}},"loc":{"start":{"line":15,"column":37},"end":{"line":17,"column":5}},"line":15},"1":{"name":"(anonymous_1)","decl":{"start":{"line":19,"column":18},"end":{"line":19,"column":19}},"loc":{"start":{"line":19,"column":36},"end":{"line":23,"column":5}},"line":19},"2":{"name":"(anonymous_2)","decl":{"start":{"line":25,"column":23},"end":{"line":25,"column":24}},"loc":{"start":{"line":25,"column":41},"end":{"line":27,"column":5}},"line":25},"3":{"name":"(anonymous_3)","decl":{"start":{"line":29,"column":23},"end":{"line":29,"column":24}},"loc":{"start":{"line":29,"column":41},"end":{"line":33,"column":5}},"line":29},"4":{"name":"(anonymous_4)","decl":{"start":{"line":31,"column":40},"end":{"line":31,"column":41}},"loc":{"start":{"line":31,"column":49},"end":{"line":31,"column":65}},"line":31},"5":{"name":"(anonymous_5)","decl":{"start":{"line":37,"column":14},"end":{"line":37,"column":15}},"loc":{"start":{"line":37,"column":32},"end":{"line":39,"column":5}},"line":37},"6":{"name":"(anonymous_6)","decl":{"start":{"line":42,"column":17},"end":{"line":42,"column":18}},"loc":{"start":{"line":42,"column":35},"end":{"line":45,"column":5}},"line":42},"7":{"name":"(anonymous_7)","decl":{"start":{"line":43,"column":40},"end":{"line":43,"column":41}},"loc":{"start":{"line":43,"column":49},"end":{"line":43,"column":77}},"line":43},"8":{"name":"(anonymous_8)","decl":{"start":{"line":65,"column":24},"end":{"line":65,"column":25}},"loc":{"start":{"line":65,"column":30},"end":{"line":84,"column":1}},"line":65},"9":{"name":"(anonymous_9)","decl":{"start":{"line":65,"column":30},"end":{"line":65,"column":31}},"loc":{"start":{"line":65,"column":54},"end":{"line":84,"column":1}},"line":65},"10":{"name":"(anonymous_10)","decl":{"start":{"line":86,"column":22},"end":{"line":86,"column":23}},"loc":{"start":{"line":87,"column":2},"end":{"line":92,"column":4}},"line":87},"11":{"name":"(anonymous_11)","decl":{"start":{"line":94,"column":26},"end":{"line":94,"column":27}},"loc":{"start":{"line":95,"column":2},"end":{"line":103,"column":4}},"line":95},"12":{"name":"(anonymous_12)","decl":{"start":{"line":105,"column":31},"end":{"line":105,"column":32}},"loc":{"start":{"line":106,"column":2},"end":{"line":111,"column":4}},"line":106},"13":{"name":"(anonymous_13)","decl":{"start":{"line":116,"column":2},"end":{"line":116,"column":3}},"loc":{"start":{"line":116,"column":13},"end":{"line":116,"column":32}},"line":116},"14":{"name":"(anonymous_14)","decl":{"start":{"line":117,"column":2},"end":{"line":117,"column":3}},"loc":{"start":{"line":117,"column":13},"end":{"line":117,"column":36}},"line":117},"15":{"name":"(anonymous_15)","decl":{"start":{"line":118,"column":2},"end":{"line":118,"column":3}},"loc":{"start":{"line":118,"column":22},"end":{"line":118,"column":57}},"line":118},"16":{"name":"(anonymous_16)","decl":{"start":{"line":118,"column":34},"end":{"line":118,"column":35}},"loc":{"start":{"line":118,"column":43},"end":{"line":118,"column":56}},"line":118},"17":{"name":"(anonymous_17)","decl":{"start":{"line":121,"column":29},"end":{"line":121,"column":30}},"loc":{"start":{"line":122,"column":2},"end":{"line":125,"column":3}},"line":122},"18":{"name":"(anonymous_18)","decl":{"start":{"line":123,"column":4},"end":{"line":123,"column":5}},"loc":{"start":{"line":123,"column":15},"end":{"line":123,"column":34}},"line":123},"19":{"name":"(anonymous_19)","decl":{"start":{"line":124,"column":4},"end":{"line":124,"column":5}},"loc":{"start":{"line":124,"column":14},"end":{"line":124,"column":57}},"line":124},"20":{"name":"(anonymous_20)","decl":{"start":{"line":124,"column":26},"end":{"line":124,"column":27}},"loc":{"start":{"line":124,"column":35},"end":{"line":124,"column":56}},"line":124}},"branchMap":{"0":{"loc":{"start":{"line":69,"column":2},"end":{"line":74,"column":6}},"type":"if","locations":[{"start":{"line":69,"column":2},"end":{"line":74,"column":6}},{"start":{"line":69,"column":2},"end":{"line":74,"column":6}}],"line":69}},"s":{"0":1,"1":0,"2":0,"3":0,"4":0,"5":0,"6":0,"7":0,"8":0,"9":0,"10":1,"11":0,"12":0,"13":0,"14":1,"15":1,"16":1,"17":0,"18":0,"19":0,"20":0,"21":0,"22":0,"23":1,"24":2,"25":1,"26":0,"27":1,"28":0,"29":1,"30":0,"31":0,"32":0,"33":0,"34":1,"35":0,"36":0,"37":0,"38":0},"f":{"0":0,"1":0,"2":0,"3":0,"4":0,"5":1,"6":0,"7":0,"8":0,"9":0,"10":2,"11":0,"12":0,"13":0,"14":0,"15":0,"16":0,"17":0,"18":0,"19":0,"20":0},"b":{"0":[0,0]},"_coverageSchema":"1a1c01bbd47fc00a2c39e90264f33305004495a9","hash":"565cfe4d711fd5a6bd21ec6a2a829760364c10f3"}
,"/Volumes/Data/practices/Code with Mosh/Redux/Source Code/redux-starter/src/store/configureStore.js": {"path":"/Volumes/Data/practices/Code with Mosh/Redux/Source Code/redux-starter/src/store/configureStore.js","statementMap":{"0":{"start":{"line":8,"column":2},"end":{"line":16,"column":5}}},"fnMap":{"0":{"name":"(anonymous_0)","decl":{"start":{"line":7,"column":15},"end":{"line":7,"column":16}},"loc":{"start":{"line":7,"column":27},"end":{"line":17,"column":1}},"line":7}},"branchMap":{},"s":{"0":2},"f":{"0":2},"b":{},"_coverageSchema":"1a1c01bbd47fc00a2c39e90264f33305004495a9","hash":"39efd98ed61e6b10f143542c12f0bf9a68f9fbd5"}
,"/Volumes/Data/practices/Code with Mosh/Redux/Source Code/redux-starter/src/store/entities.js": {"path":"/Volumes/Data/practices/Code with Mosh/Redux/Source Code/redux-starter/src/store/entities.js","statementMap":{},"fnMap":{},"branchMap":{},"s":{},"f":{},"b":{},"_coverageSchema":"1a1c01bbd47fc00a2c39e90264f33305004495a9","hash":"44894596e3aa9dcd2fa0f19d97ed42d25a2b350c"}
,"/Volumes/Data/practices/Code with Mosh/Redux/Source Code/redux-starter/src/store/projects.js": {"path":"/Volumes/Data/practices/Code with Mosh/Redux/Source Code/redux-starter/src/store/projects.js","statementMap":{"0":{"start":{"line":3,"column":13},"end":{"line":3,"column":14}},"1":{"start":{"line":5,"column":14},"end":{"line":17,"column":2}},"2":{"start":{"line":11,"column":6},"end":{"line":14,"column":9}},"3":{"start":{"line":19,"column":32},"end":{"line":19,"column":45}}},"fnMap":{"0":{"name":"(anonymous_0)","decl":{"start":{"line":10,"column":18},"end":{"line":10,"column":19}},"loc":{"start":{"line":10,"column":40},"end":{"line":15,"column":5}},"line":10}},"branchMap":{},"s":{"0":1,"1":1,"2":0,"3":1},"f":{"0":0},"b":{},"_coverageSchema":"1a1c01bbd47fc00a2c39e90264f33305004495a9","hash":"4bf0e32d278671a6984a000f17f9e9c17acd9f3e"}
,"/Volumes/Data/practices/Code with Mosh/Redux/Source Code/redux-starter/src/store/reducer.js": {"path":"/Volumes/Data/practices/Code with Mosh/Redux/Source Code/redux-starter/src/store/reducer.js","statementMap":{},"fnMap":{},"branchMap":{},"s":{},"f":{},"b":{},"_coverageSchema":"1a1c01bbd47fc00a2c39e90264f33305004495a9","hash":"594b4ab4fe024168a030d73c8eff07130cf62559"}
,"/Volumes/Data/practices/Code with Mosh/Redux/Source Code/redux-starter/src/store/users.js": {"path":"/Volumes/Data/practices/Code with Mosh/Redux/Source Code/redux-starter/src/store/users.js","statementMap":{"0":{"start":{"line":3,"column":13},"end":{"line":3,"column":14}},"1":{"start":{"line":5,"column":14},"end":{"line":17,"column":2}},"2":{"start":{"line":11,"column":6},"end":{"line":14,"column":9}},"3":{"start":{"line":19,"column":29},"end":{"line":19,"column":42}}},"fnMap":{"0":{"name":"(anonymous_0)","decl":{"start":{"line":10,"column":15},"end":{"line":10,"column":16}},"loc":{"start":{"line":10,"column":34},"end":{"line":15,"column":5}},"line":10}},"branchMap":{},"s":{"0":1,"1":1,"2":0,"3":1},"f":{"0":0},"b":{},"_coverageSchema":"1a1c01bbd47fc00a2c39e90264f33305004495a9","hash":"5ac4f79fe0f2fb19fa21bf2e504bab4dc5bb760a"}
,"/Volumes/Data/practices/Code with Mosh/Redux/Source Code/redux-starter/src/store/middleware/api.js": {"path":"/Volumes/Data/practices/Code with Mosh/Redux/Source Code/redux-starter/src/store/middleware/api.js","statementMap":{"0":{"start":{"line":5,"column":2},"end":{"line":33,"column":3}},"1":{"start":{"line":6,"column":2},"end":{"line":33,"column":3}},"2":{"start":{"line":7,"column":2},"end":{"line":33,"column":3}},"3":{"start":{"line":8,"column":4},"end":{"line":8,"column":71}},"4":{"start":{"line":8,"column":51},"end":{"line":8,"column":71}},"5":{"start":{"line":10,"column":63},"end":{"line":10,"column":77}},"6":{"start":{"line":12,"column":4},"end":{"line":12,"column":45}},"7":{"start":{"line":12,"column":17},"end":{"line":12,"column":45}},"8":{"start":{"line":14,"column":4},"end":{"line":14,"column":17}},"9":{"start":{"line":16,"column":4},"end":{"line":32,"column":5}},"10":{"start":{"line":17,"column":23},"end":{"line":22,"column":8}},"11":{"start":{"line":24,"column":6},"end":{"line":24,"column":54}},"12":{"start":{"line":26,"column":6},"end":{"line":26,"column":75}},"13":{"start":{"line":26,"column":21},"end":{"line":26,"column":75}},"14":{"start":{"line":29,"column":6},"end":{"line":29,"column":53}},"15":{"start":{"line":31,"column":6},"end":{"line":31,"column":71}},"16":{"start":{"line":31,"column":19},"end":{"line":31,"column":71}}},"fnMap":{"0":{"name":"(anonymous_0)","decl":{"start":{"line":5,"column":2},"end":{"line":5,"column":3}},"loc":{"start":{"line":6,"column":2},"end":{"line":33,"column":3}},"line":6},"1":{"name":"(anonymous_1)","decl":{"start":{"line":6,"column":2},"end":{"line":6,"column":3}},"loc":{"start":{"line":7,"column":2},"end":{"line":33,"column":3}},"line":7},"2":{"name":"(anonymous_2)","decl":{"start":{"line":7,"column":2},"end":{"line":7,"column":3}},"loc":{"start":{"line":7,"column":20},"end":{"line":33,"column":3}},"line":7}},"branchMap":{"0":{"loc":{"start":{"line":8,"column":4},"end":{"line":8,"column":71}},"type":"if","locations":[{"start":{"line":8,"column":4},"end":{"line":8,"column":71}},{"start":{"line":8,"column":4},"end":{"line":8,"column":71}}],"line":8},"1":{"loc":{"start":{"line":12,"column":4},"end":{"line":12,"column":45}},"type":"if","locations":[{"start":{"line":12,"column":4},"end":{"line":12,"column":45}},{"start":{"line":12,"column":4},"end":{"line":12,"column":45}}],"line":12},"2":{"loc":{"start":{"line":26,"column":6},"end":{"line":26,"column":75}},"type":"if","locations":[{"start":{"line":26,"column":6},"end":{"line":26,"column":75}},{"start":{"line":26,"column":6},"end":{"line":26,"column":75}}],"line":26},"3":{"loc":{"start":{"line":31,"column":6},"end":{"line":31,"column":71}},"type":"if","locations":[{"start":{"line":31,"column":6},"end":{"line":31,"column":71}},{"start":{"line":31,"column":6},"end":{"line":31,"column":71}}],"line":31}},"s":{"0":1,"1":2,"2":2,"3":5,"4":3,"5":2,"6":2,"7":0,"8":2,"9":2,"10":2,"11":1,"12":1,"13":1,"14":1,"15":1,"16":0},"f":{"0":2,"1":2,"2":5},"b":{"0":[3,2],"1":[0,2],"2":[1,0],"3":[0,1]},"_coverageSchema":"1a1c01bbd47fc00a2c39e90264f33305004495a9","hash":"cb2c41ff44f86b734aee7c4c0668f713d749f1b0"}
,"/Volumes/Data/practices/Code with Mosh/Redux/Source Code/redux-starter/src/store/middleware/logger.js": {"path":"/Volumes/Data/practices/Code with Mosh/Redux/Source Code/redux-starter/src/store/middleware/logger.js","statementMap":{"0":{"start":{"line":2,"column":15},"end":{"line":6,"column":1}},"1":{"start":{"line":2,"column":26},"end":{"line":6,"column":1}},"2":{"start":{"line":2,"column":37},"end":{"line":6,"column":1}},"3":{"start":{"line":2,"column":47},"end":{"line":6,"column":1}},"4":{"start":{"line":3,"column":2},"end":{"line":3,"column":32}},"5":{"start":{"line":4,"column":2},"end":{"line":4,"column":22}}},"fnMap":{"0":{"name":"(anonymous_0)","decl":{"start":{"line":2,"column":15},"end":{"line":2,"column":16}},"loc":{"start":{"line":2,"column":26},"end":{"line":6,"column":1}},"line":2},"1":{"name":"(anonymous_1)","decl":{"start":{"line":2,"column":26},"end":{"line":2,"column":27}},"loc":{"start":{"line":2,"column":37},"end":{"line":6,"column":1}},"line":2},"2":{"name":"(anonymous_2)","decl":{"start":{"line":2,"column":37},"end":{"line":2,"column":38}},"loc":{"start":{"line":2,"column":47},"end":{"line":6,"column":1}},"line":2},"3":{"name":"(anonymous_3)","decl":{"start":{"line":2,"column":47},"end":{"line":2,"column":48}},"loc":{"start":{"line":2,"column":59},"end":{"line":6,"column":1}},"line":2}},"branchMap":{},"s":{"0":1,"1":2,"2":2,"3":2,"4":5,"5":5},"f":{"0":2,"1":2,"2":2,"3":5},"b":{},"_coverageSchema":"1a1c01bbd47fc00a2c39e90264f33305004495a9","hash":"044e6ba4661c5f6f820647ecb0631b34e03f48a2"}
,"/Volumes/Data/practices/Code with Mosh/Redux/Source Code/redux-starter/src/store/middleware/toast.js": {"path":"/Volumes/Data/practices/Code with Mosh/Redux/Source Code/redux-starter/src/store/middleware/toast.js","statementMap":{"0":{"start":{"line":2,"column":14},"end":{"line":5,"column":1}},"1":{"start":{"line":2,"column":25},"end":{"line":5,"column":1}},"2":{"start":{"line":2,"column":35},"end":{"line":5,"column":1}},"3":{"start":{"line":3,"column":2},"end":{"line":4,"column":27}},"4":{"start":{"line":3,"column":31},"end":{"line":3,"column":80}},"5":{"start":{"line":4,"column":7},"end":{"line":4,"column":27}}},"fnMap":{"0":{"name":"(anonymous_0)","decl":{"start":{"line":2,"column":14},"end":{"line":2,"column":15}},"loc":{"start":{"line":2,"column":25},"end":{"line":5,"column":1}},"line":2},"1":{"name":"(anonymous_1)","decl":{"start":{"line":2,"column":25},"end":{"line":2,"column":26}},"loc":{"start":{"line":2,"column":35},"end":{"line":5,"column":1}},"line":2},"2":{"name":"(anonymous_2)","decl":{"start":{"line":2,"column":35},"end":{"line":2,"column":36}},"loc":{"start":{"line":2,"column":47},"end":{"line":5,"column":1}},"line":2}},"branchMap":{"0":{"loc":{"start":{"line":3,"column":2},"end":{"line":4,"column":27}},"type":"if","locations":[{"start":{"line":3,"column":2},"end":{"line":4,"column":27}},{"start":{"line":3,"column":2},"end":{"line":4,"column":27}}],"line":3}},"s":{"0":1,"1":2,"2":2,"3":5,"4":0,"5":5},"f":{"0":2,"1":2,"2":5},"b":{"0":[0,5]},"_coverageSchema":"1a1c01bbd47fc00a2c39e90264f33305004495a9","hash":"536badc7e08a5afd64ab4201ff88a62b7a30bd97"}
}
