TN:
SF:src/math.js
FN:1,(anonymous_0)
FNF:1
FNH:1
FNDA:2,(anonymous_0)
DA:1,2
LF:1
LH:1
BRF:0
BRH:0
end_of_record
TN:
SF:src/store/api.js
FNF:0
FNH:0
DA:3,1
DA:4,1
DA:5,1
LF:3
LH:3
BRF:0
BRH:0
end_of_record
TN:
SF:src/store/bugs.js
FN:15,(anonymous_0)
FN:19,(anonymous_1)
FN:25,(anonymous_2)
FN:29,(anonymous_3)
FN:31,(anonymous_4)
FN:37,(anonymous_5)
FN:42,(anonymous_6)
FN:43,(anonymous_7)
FN:65,(anonymous_8)
FN:65,(anonymous_9)
FN:86,(anonymous_10)
FN:94,(anonymous_11)
FN:105,(anonymous_12)
FN:116,(anonymous_13)
FN:117,(anonymous_14)
FN:118,(anonymous_15)
FN:118,(anonymous_16)
FN:121,(anonymous_17)
FN:123,(anonymous_18)
FN:124,(anonymous_19)
FN:124,(anonymous_20)
FNF:21
FNH:9
FNDA:0,(anonymous_0)
FNDA:0,(anonymous_1)
FNDA:0,(anonymous_2)
FNDA:0,(anonymous_3)
FNDA:0,(anonymous_4)
FNDA:3,(anonymous_5)
FNDA:1,(anonymous_6)
FNDA:1,(anonymous_7)
FNDA:0,(anonymous_8)
FNDA:0,(anonymous_9)
FNDA:4,(anonymous_10)
FNDA:2,(anonymous_11)
FNDA:0,(anonymous_12)
FNDA:1,(anonymous_13)
FNDA:1,(anonymous_14)
FNDA:1,(anonymous_15)
FNDA:3,(anonymous_16)
FNDA:0,(anonymous_17)
FNDA:0,(anonymous_18)
FNDA:0,(anonymous_19)
FNDA:0,(anonymous_20)
DA:7,1
DA:16,0
DA:20,0
DA:21,0
DA:22,0
DA:26,0
DA:30,0
DA:31,0
DA:32,0
DA:38,3
DA:43,1
DA:44,1
DA:58,1
DA:62,1
DA:65,1
DA:66,0
DA:68,0
DA:69,0
DA:70,0
DA:76,0
DA:86,1
DA:87,4
DA:94,1
DA:95,2
DA:105,1
DA:106,0
DA:115,1
DA:116,1
DA:117,1
DA:118,3
DA:121,1
DA:122,0
DA:123,0
DA:124,0
LF:34
LH:17
BRDA:69,0,0,0
BRDA:69,0,1,0
BRF:2
BRH:0
end_of_record
TN:
SF:src/store/configureStore.js
FN:7,(anonymous_0)
FNF:1
FNH:1
FNDA:5,(anonymous_0)
DA:8,5
LF:1
LH:1
BRF:0
BRH:0
end_of_record
TN:
SF:src/store/entities.js
FNF:0
FNH:0
LF:0
LH:0
BRF:0
BRH:0
end_of_record
TN:
SF:src/store/projects.js
FN:10,(anonymous_0)
FNF:1
FNH:0
FNDA:0,(anonymous_0)
DA:3,1
DA:5,1
DA:11,0
DA:19,1
LF:4
LH:3
BRF:0
BRH:0
end_of_record
TN:
SF:src/store/reducer.js
FNF:0
FNH:0
LF:0
LH:0
BRF:0
BRH:0
end_of_record
TN:
SF:src/store/users.js
FN:10,(anonymous_0)
FNF:1
FNH:0
FNDA:0,(anonymous_0)
DA:3,1
DA:5,1
DA:11,0
DA:19,1
LF:4
LH:3
BRF:0
BRH:0
end_of_record
TN:
SF:src/store/middleware/api.js
FN:5,(anonymous_0)
FN:6,(anonymous_1)
FN:7,(anonymous_2)
FNF:3
FNH:3
FNDA:5,(anonymous_0)
FNDA:5,(anonymous_1)
FNDA:16,(anonymous_2)
DA:5,1
DA:6,5
DA:7,5
DA:8,16
DA:10,6
DA:12,6
DA:14,6
DA:16,6
DA:17,6
DA:24,4
DA:26,4
DA:29,2
DA:31,2
LF:13
LH:13
BRDA:8,0,0,10
BRDA:8,0,1,6
BRDA:12,1,0,0
BRDA:12,1,1,6
BRDA:26,2,0,4
BRDA:26,2,1,0
BRDA:31,3,0,0
BRDA:31,3,1,2
BRF:8
BRH:5
end_of_record
TN:
SF:src/store/middleware/logger.js
FN:2,(anonymous_0)
FN:2,(anonymous_1)
FN:2,(anonymous_2)
FN:2,(anonymous_3)
FNF:4
FNH:0
FNDA:0,(anonymous_0)
FNDA:0,(anonymous_1)
FNDA:0,(anonymous_2)
FNDA:0,(anonymous_3)
DA:2,1
DA:3,0
DA:4,0
LF:3
LH:1
BRF:0
BRH:0
end_of_record
TN:
SF:src/store/middleware/toast.js
FN:2,(anonymous_0)
FN:2,(anonymous_1)
FN:2,(anonymous_2)
FNF:3
FNH:3
FNDA:5,(anonymous_0)
FNDA:5,(anonymous_1)
FNDA:16,(anonymous_2)
DA:2,5
DA:3,16
DA:4,16
LF:3
LH:3
BRDA:3,0,0,0
BRDA:3,0,1,16
BRF:2
BRH:1
end_of_record
